c:\users\pridd\documents\agora\rtmbasedll\rtmbasedll\x64\debug\vc142.pdb
c:\users\pridd\documents\agora\rtmbasedll\rtmbasedll\x64\debug\vc142.idb
c:\users\pridd\documents\agora\rtmbasedll\rtmbasedll\x64\debug\dllmain.obj
c:\users\pridd\documents\agora\rtmbasedll\rtmbasedll\x64\debug\rtmbasedll.pch
c:\users\pridd\documents\agora\rtmbasedll\rtmbasedll\x64\debug\stdafx.obj
c:\users\pridd\documents\agora\rtmbasedll\rtmbasedll\x64\debug\rtmbasedll.obj
c:\users\pridd\documents\agora\rtmbasedll\x64\debug\rtmbasedll.dll
c:\users\pridd\documents\agora\rtmbasedll\x64\debug\rtmbasedll.ilk
c:\users\pridd\documents\agora\rtmbasedll\x64\debug\rtmbasedll.pdb
c:\users\pridd\documents\agora\rtmbasedll\x64\debug\rtmbasedll.lib
c:\users\pridd\documents\agora\rtmbasedll\x64\debug\rtmbasedll.exp
c:\users\pridd\documents\agora\rtmbasedll\rtmbasedll\x64\debug\vc141.idb
c:\users\pridd\documents\agora\rtmbasedll\rtmbasedll\x64\debug\vc141.pdb
c:\users\pridd\documents\agora\rtmbasedll\rtmbasedll\x64\debug\rtmbasedll.tlog\cl.command.1.tlog
c:\users\pridd\documents\agora\rtmbasedll\rtmbasedll\x64\debug\rtmbasedll.tlog\cl.read.1.tlog
c:\users\pridd\documents\agora\rtmbasedll\rtmbasedll\x64\debug\rtmbasedll.tlog\cl.write.1.tlog
c:\users\pridd\documents\agora\rtmbasedll\rtmbasedll\x64\debug\rtmbasedll.tlog\link.12088.delete.1.tlog
c:\users\pridd\documents\agora\rtmbasedll\rtmbasedll\x64\debug\rtmbasedll.tlog\link.12164.delete.1.tlog
c:\users\pridd\documents\agora\rtmbasedll\rtmbasedll\x64\debug\rtmbasedll.tlog\link.13308.delete.1.tlog
c:\users\pridd\documents\agora\rtmbasedll\rtmbasedll\x64\debug\rtmbasedll.tlog\link.14820.delete.1.tlog
c:\users\pridd\documents\agora\rtmbasedll\rtmbasedll\x64\debug\rtmbasedll.tlog\link.16052.delete.1.tlog
c:\users\pridd\documents\agora\rtmbasedll\rtmbasedll\x64\debug\rtmbasedll.tlog\link.17860.delete.1.tlog
c:\users\pridd\documents\agora\rtmbasedll\rtmbasedll\x64\debug\rtmbasedll.tlog\link.19656.delete.1.tlog
c:\users\pridd\documents\agora\rtmbasedll\rtmbasedll\x64\debug\rtmbasedll.tlog\link.19700.delete.1.tlog
c:\users\pridd\documents\agora\rtmbasedll\rtmbasedll\x64\debug\rtmbasedll.tlog\link.19728.delete.1.tlog
c:\users\pridd\documents\agora\rtmbasedll\rtmbasedll\x64\debug\rtmbasedll.tlog\link.19924.delete.1.tlog
c:\users\pridd\documents\agora\rtmbasedll\rtmbasedll\x64\debug\rtmbasedll.tlog\link.21884.delete.1.tlog
c:\users\pridd\documents\agora\rtmbasedll\rtmbasedll\x64\debug\rtmbasedll.tlog\link.22740.delete.1.tlog
c:\users\pridd\documents\agora\rtmbasedll\rtmbasedll\x64\debug\rtmbasedll.tlog\link.22828.delete.1.tlog
c:\users\pridd\documents\agora\rtmbasedll\rtmbasedll\x64\debug\rtmbasedll.tlog\link.22948.delete.1.tlog
c:\users\pridd\documents\agora\rtmbasedll\rtmbasedll\x64\debug\rtmbasedll.tlog\link.25556.delete.1.tlog
c:\users\pridd\documents\agora\rtmbasedll\rtmbasedll\x64\debug\rtmbasedll.tlog\link.2772.delete.1.tlog
c:\users\pridd\documents\agora\rtmbasedll\rtmbasedll\x64\debug\rtmbasedll.tlog\link.28488.delete.1.tlog
c:\users\pridd\documents\agora\rtmbasedll\rtmbasedll\x64\debug\rtmbasedll.tlog\link.29712.delete.1.tlog
c:\users\pridd\documents\agora\rtmbasedll\rtmbasedll\x64\debug\rtmbasedll.tlog\link.33320.delete.1.tlog
c:\users\pridd\documents\agora\rtmbasedll\rtmbasedll\x64\debug\rtmbasedll.tlog\link.33936.delete.1.tlog
c:\users\pridd\documents\agora\rtmbasedll\rtmbasedll\x64\debug\rtmbasedll.tlog\link.command.1.tlog
c:\users\pridd\documents\agora\rtmbasedll\rtmbasedll\x64\debug\rtmbasedll.tlog\link.delete.1.tlog
c:\users\pridd\documents\agora\rtmbasedll\rtmbasedll\x64\debug\rtmbasedll.tlog\link.read.1.tlog
c:\users\pridd\documents\agora\rtmbasedll\rtmbasedll\x64\debug\rtmbasedll.tlog\link.write.1.tlog
c:\users\pridd\documents\agora\rtmbasedll\rtmbasedll\x64\debug\rtmbasedll.tlog\rtmbasedll.write.1u.tlog
